{
    "update_id": 142378969,
    "message": {
        "message_id": 416,
        "from": {
            "id": 5816155012,
            "is_bot": false,
            "first_name": "ZIkrullo",
            "username": "zikrullo0625",
            "language_code": "en"
        },
        "chat": {
            "id": 5816155012,
            "first_name": "ZIkrullo",
            "username": "zikrullo0625",
            "type": "private"
        },
        "date": 1744562624,
        "text": "\u043c\u0443\u043a\u0430"
    }
}